
%MEM %CPU COMMAND
 4.7  7.8 /opt/mssql/bin/sqlservr
 2.3  0.6 /usr/sbin/mysqld
 1.8 12.5 /usr/bin/gnome-software --gapplication-service
 1.7  8.6 /usr/bin/gnome-shell
2625884 K used memory
0 K used swap
0 seconds
=========
%MEM %CPU COMMAND
 4.7  7.7 /opt/mssql/bin/sqlservr
 2.3  0.6 /usr/sbin/mysqld
 1.8  9.1 /usr/bin/gnome-shell
 1.8 12.1 /usr/bin/gnome-software --gapplication-service
2893848 K used memory
0 K used swap
2 seconds
=========
%MEM %CPU COMMAND
 4.7  7.6 /opt/mssql/bin/sqlservr
 2.3  0.6 /usr/sbin/mysqld
 1.8  9.2 /usr/bin/gnome-shell
 1.8 11.8 /usr/bin/gnome-software --gapplication-service
3089484 K used memory
0 K used swap
4 seconds
=========
%MEM %CPU COMMAND
 4.7  7.6 /opt/mssql/bin/sqlservr
 2.3  0.6 /usr/sbin/mysqld
 2.0 93.5 bash mem.sh
 1.9 93.5 bash mem2.sh
3411660 K used memory
0 K used swap
6 seconds
=========
%MEM %CPU COMMAND
 4.7  7.4 /opt/mssql/bin/sqlservr
 2.8 84.8 bash mem.sh
 2.7 84.8 bash mem2.sh
 2.3  0.6 /usr/sbin/mysqld
3669592 K used memory
0 K used swap
8 seconds
=========
%MEM %CPU COMMAND
 4.7  7.3 /opt/mssql/bin/sqlservr
 3.5 87.9 bash mem.sh
 3.4 87.8 bash mem2.sh
 2.3  0.6 /usr/sbin/mysqld
3906772 K used memory
0 K used swap
10 seconds
=========
%MEM %CPU COMMAND
 4.7  7.2 /opt/mssql/bin/sqlservr
 4.3 89.9 bash mem.sh
 4.2 89.9 bash mem2.sh
 2.3  0.6 /usr/sbin/mysqld
4162344 K used memory
0 K used swap
12 seconds
=========
%MEM %CPU COMMAND
 5.1 91.4 bash mem.sh
 5.0 91.4 bash mem2.sh
 4.7  7.1 /opt/mssql/bin/sqlservr
 2.3  0.6 /usr/sbin/mysqld
4421404 K used memory
0 K used swap
14 seconds
=========
%MEM %CPU COMMAND
 5.9 92.5 bash mem.sh
 5.8 92.5 bash mem2.sh
 4.7  7.1 /opt/mssql/bin/sqlservr
 2.3  0.6 /usr/sbin/mysqld
4661644 K used memory
0 K used swap
16 seconds
=========
%MEM %CPU COMMAND
 6.7 93.4 bash mem.sh
 6.6 93.4 bash mem2.sh
 4.7  7.0 /opt/mssql/bin/sqlservr
 2.3  0.6 /usr/sbin/mysqld
4896196 K used memory
0 K used swap
18 seconds
=========
%MEM %CPU COMMAND
 7.5 94.2 bash mem.sh
 7.3 94.1 bash mem2.sh
 4.7  6.9 /opt/mssql/bin/sqlservr
 2.3  0.6 /usr/sbin/mysqld
5150444 K used memory
0 K used swap
20 seconds
=========
%MEM %CPU COMMAND
 8.3 94.7 bash mem.sh
 8.1 94.8 bash mem2.sh
 4.7  6.8 /opt/mssql/bin/sqlservr
 2.3  0.5 /usr/sbin/mysqld
5405384 K used memory
0 K used swap
22 seconds
=========
%MEM %CPU COMMAND
 9.1 95.3 bash mem.sh
 8.9 95.3 bash mem2.sh
 4.7  6.7 /opt/mssql/bin/sqlservr
 2.3  0.5 /usr/sbin/mysqld
5660152 K used memory
0 K used swap
24 seconds
=========
%MEM %CPU COMMAND
 9.9 95.7 bash mem.sh
 9.7 95.7 bash mem2.sh
 4.7  6.7 /opt/mssql/bin/sqlservr
 2.3  0.5 /usr/sbin/mysqld
5919036 K used memory
0 K used swap
26 seconds
=========
%MEM %CPU COMMAND
 4.7  6.6 /opt/mssql/bin/sqlservr
 2.3  0.5 /usr/sbin/mysqld
 1.8  8.9 /usr/bin/gnome-software --gapplication-service
 1.8  8.8 /usr/bin/gnome-shell
6170072 K used memory
0 K used swap
28 seconds
=========
%MEM %CPU COMMAND
 4.7  6.5 /opt/mssql/bin/sqlservr
 2.3  0.5 /usr/sbin/mysqld
 1.8  8.7 /usr/bin/gnome-software --gapplication-service
 1.8  8.7 /usr/bin/gnome-shell
6398564 K used memory
0 K used swap
30 seconds
=========
%MEM %CPU COMMAND
 4.7  6.5 /opt/mssql/bin/sqlservr
 2.3  0.5 /usr/sbin/mysqld
 1.8  8.6 /usr/bin/gnome-shell
 1.8  8.5 /usr/bin/gnome-software --gapplication-service
6625192 K used memory
0 K used swap
32 seconds
=========
%MEM %CPU COMMAND
 4.7  6.4 /opt/mssql/bin/sqlservr
 2.3  0.5 /usr/sbin/mysqld
 1.8  8.6 /usr/bin/gnome-shell
 1.8  8.3 /usr/bin/gnome-software --gapplication-service
6851532 K used memory
0 K used swap
34 seconds
=========
%MEM %CPU COMMAND
 4.7  6.3 /opt/mssql/bin/sqlservr
 2.3  0.5 /usr/sbin/mysqld
 1.8  8.5 /usr/bin/gnome-shell
 1.8  8.1 /usr/bin/gnome-software --gapplication-service
7082820 K used memory
0 K used swap
36 seconds
=========
%MEM %CPU COMMAND
 4.7  6.3 /opt/mssql/bin/sqlservr
 2.3  0.5 /usr/sbin/mysqld
 1.8  8.5 /usr/bin/gnome-shell
 1.8  8.0 /usr/bin/gnome-software --gapplication-service
7299968 K used memory
0 K used swap
38 seconds
=========
%MEM %CPU COMMAND
 4.7  6.2 /opt/mssql/bin/sqlservr
 2.3  0.5 /usr/sbin/mysqld
 1.8  8.4 /usr/bin/gnome-shell
 1.8  7.8 /usr/bin/gnome-software --gapplication-service
7522004 K used memory
0 K used swap
40 seconds
=========
%MEM %CPU COMMAND
 4.7  6.1 /opt/mssql/bin/sqlservr
 2.3  0.5 /usr/sbin/mysqld
 1.8  8.4 /usr/bin/gnome-shell
 1.8  7.7 /usr/bin/gnome-software --gapplication-service
7746100 K used memory
0 K used swap
42 seconds
=========
%MEM %CPU COMMAND
 4.7  6.1 /opt/mssql/bin/sqlservr
 2.3  0.5 /usr/sbin/mysqld
 1.8  8.3 /usr/bin/gnome-shell
 1.8  7.5 /usr/bin/gnome-software --gapplication-service
7974460 K used memory
0 K used swap
44 seconds
=========
%MEM %CPU COMMAND
 4.7  6.0 /opt/mssql/bin/sqlservr
 2.3  0.5 /usr/sbin/mysqld
 1.8  8.3 /usr/bin/gnome-shell
 1.8  7.4 /usr/bin/gnome-software --gapplication-service
8194768 K used memory
0 K used swap
46 seconds
=========
%MEM %CPU COMMAND
 4.7  6.0 /opt/mssql/bin/sqlservr
 2.3  0.5 /usr/sbin/mysqld
 1.8  8.2 /usr/bin/gnome-shell
 1.8  7.2 /usr/bin/gnome-software --gapplication-service
8422436 K used memory
0 K used swap
48 seconds
=========
%MEM %CPU COMMAND
 4.7  5.9 /opt/mssql/bin/sqlservr
 2.3  0.5 /usr/sbin/mysqld
 1.8  8.2 /usr/bin/gnome-shell
 1.8  7.1 /usr/bin/gnome-software --gapplication-service
8648796 K used memory
0 K used swap
50 seconds
=========
%MEM %CPU COMMAND
 4.7  5.9 /opt/mssql/bin/sqlservr
 2.3  0.5 /usr/sbin/mysqld
19.1 98.4 bash mem.sh
 1.8  8.1 /usr/bin/gnome-shell
8878032 K used memory
0 K used swap
52 seconds
=========
%MEM %CPU COMMAND
 4.7  5.8 /opt/mssql/bin/sqlservr
 2.3  0.5 /usr/sbin/mysqld
19.8 98.5 bash mem.sh
19.3 98.5 bash mem2.sh
9102212 K used memory
0 K used swap
54 seconds
=========
%MEM %CPU COMMAND
 4.7  5.7 /opt/mssql/bin/sqlservr
 2.3  0.5 /usr/sbin/mysqld
20.5 98.6 bash mem.sh
20.0 98.6 bash mem2.sh
9331332 K used memory
0 K used swap
56 seconds
=========
%MEM %CPU COMMAND
 4.7  5.7 /opt/mssql/bin/sqlservr
 2.3  0.5 /usr/sbin/mysqld
21.2 98.7 bash mem.sh
20.7 98.7 bash mem2.sh
9559812 K used memory
0 K used swap
58 seconds
=========
%MEM %CPU COMMAND
 4.7  5.6 /opt/mssql/bin/sqlservr
 2.3  0.5 /usr/sbin/mysqld
21.8 98.8 bash mem.sh
21.4 98.8 bash mem2.sh
9781840 K used memory
0 K used swap
60 seconds
=========
%MEM %CPU COMMAND
 4.7  5.6 /opt/mssql/bin/sqlservr
 2.3  0.5 /usr/sbin/mysqld
22.5 98.9 bash mem.sh
22.1 98.9 bash mem2.sh
10006448 K used memory
0 K used swap
62 seconds
=========
%MEM %CPU COMMAND
 4.7  5.6 /opt/mssql/bin/sqlservr
23.2 99.0 bash mem.sh
 2.3  0.5 /usr/sbin/mysqld
22.8 99.0 bash mem2.sh
10208400 K used memory
0 K used swap
64 seconds
=========
%MEM %CPU COMMAND
 4.7  5.5 /opt/mssql/bin/sqlservr
23.9 99.0 bash mem.sh
23.4 99.0 bash mem2.sh
 2.3  0.5 /usr/sbin/mysqld
10433844 K used memory
0 K used swap
66 seconds
=========
%MEM %CPU COMMAND
 4.7  5.5 /opt/mssql/bin/sqlservr
24.6 99.1 bash mem.sh
24.1 99.1 bash mem2.sh
 2.3  0.4 /usr/sbin/mysqld
10662484 K used memory
0 K used swap
68 seconds
=========
%MEM %CPU COMMAND
 4.7  5.4 /opt/mssql/bin/sqlservr
25.3 99.2 bash mem.sh
24.8 99.2 bash mem2.sh
 2.3  0.4 /usr/sbin/mysqld
10895360 K used memory
256 K used swap
71 seconds
=========
%MEM %CPU COMMAND
 4.6  5.4 /opt/mssql/bin/sqlservr
26.0 99.3 bash mem.sh
25.5 99.3 bash mem2.sh
 2.3  0.4 /usr/sbin/mysqld
11121656 K used memory
1024 K used swap
73 seconds
=========
%MEM %CPU COMMAND
 4.6  5.3 /opt/mssql/bin/sqlservr
26.7 99.4 bash mem.sh
26.2 99.4 bash mem2.sh
 2.3  0.4 /usr/sbin/mysqld
11346140 K used memory
1280 K used swap
75 seconds
=========
%MEM %CPU COMMAND
 4.6  5.3 /opt/mssql/bin/sqlservr
27.4 99.4 bash mem.sh
26.9 99.4 bash mem2.sh
 2.3  0.4 /usr/sbin/mysqld
11562148 K used memory
1280 K used swap
77 seconds
=========
%MEM %CPU COMMAND
 4.6  5.2 /opt/mssql/bin/sqlservr
28.0 98.2 bash mem.sh
27.6 98.2 bash mem2.sh
 2.3  0.4 /usr/sbin/mysqld
11771540 K used memory
1280 K used swap
79 seconds
=========
%MEM %CPU COMMAND
 4.6  5.2 /opt/mssql/bin/sqlservr
28.7 98.3 bash mem.sh
28.3 98.3 bash mem2.sh
 2.3  0.4 /usr/sbin/mysqld
11992476 K used memory
1280 K used swap
81 seconds
=========
%MEM %CPU COMMAND
 4.6  5.1 /opt/mssql/bin/sqlservr
29.4 98.4 bash mem.sh
28.9 98.4 bash mem2.sh
 2.3  0.4 /usr/sbin/mysqld
12208416 K used memory
2048 K used swap
83 seconds
=========
%MEM %CPU COMMAND
 4.6  5.1 /opt/mssql/bin/sqlservr
30.1 98.5 bash mem.sh
29.6 98.4 bash mem2.sh
 2.3  0.4 /usr/sbin/mysqld
12421540 K used memory
2560 K used swap
85 seconds
=========
%MEM %CPU COMMAND
 4.6  5.1 /opt/mssql/bin/sqlservr
30.8 98.5 bash mem.sh
30.3 98.5 bash mem2.sh
 2.3  0.4 /usr/sbin/mysqld
12639504 K used memory
3072 K used swap
87 seconds
=========
%MEM %CPU COMMAND
 4.6  5.0 /opt/mssql/bin/sqlservr
31.5 98.6 bash mem.sh
31.0 98.6 bash mem2.sh
 2.3  0.4 /usr/sbin/mysqld
12864520 K used memory
3328 K used swap
89 seconds
=========
%MEM %CPU COMMAND
 4.6  5.0 /opt/mssql/bin/sqlservr
32.1 98.6 bash mem.sh
31.7 98.6 bash mem2.sh
 2.3  0.4 /usr/sbin/mysqld
13078480 K used memory
4096 K used swap
91 seconds
=========
%MEM %CPU COMMAND
 4.6  4.9 /opt/mssql/bin/sqlservr
32.8 98.7 bash mem.sh
32.4 98.7 bash mem2.sh
 2.3  0.4 /usr/sbin/mysqld
13292708 K used memory
4608 K used swap
93 seconds
=========
%MEM %CPU COMMAND
 4.6  4.9 /opt/mssql/bin/sqlservr
33.5 98.8 bash mem.sh
33.1 98.8 bash mem2.sh
 2.3  0.4 /usr/sbin/mysqld
13514080 K used memory
5120 K used swap
95 seconds
=========
%MEM %CPU COMMAND
 4.6  4.9 /opt/mssql/bin/sqlservr
34.2 98.8 bash mem.sh
33.7 98.8 bash mem2.sh
 2.3  0.4 /usr/sbin/mysqld
13729692 K used memory
6144 K used swap
97 seconds
=========
%MEM %CPU COMMAND
 4.6  4.8 /opt/mssql/bin/sqlservr
34.9 98.9 bash mem.sh
34.4 98.9 bash mem2.sh
 2.3  0.4 /usr/sbin/mysqld
13949912 K used memory
6656 K used swap
99 seconds
=========
%MEM %CPU COMMAND
 4.6  4.8 /opt/mssql/bin/sqlservr
35.6 98.9 bash mem.sh
35.1 98.9 bash mem2.sh
 2.3  0.4 /usr/sbin/mysqld
14172860 K used memory
6912 K used swap
101 seconds
=========
%MEM %CPU COMMAND
 4.6  5.1 /opt/mssql/bin/sqlservr
36.2 99.0 bash mem.sh
35.7 99.0 bash mem2.sh
 2.3  0.4 /usr/sbin/mysqld
14378068 K used memory
7168 K used swap
103 seconds
=========
%MEM %CPU COMMAND
 4.6  5.4 /opt/mssql/bin/sqlservr
36.8 99.0 bash mem.sh
36.4 99.0 bash mem2.sh
 2.3  0.4 /usr/sbin/mysqld
14581344 K used memory
7424 K used swap
105 seconds
=========
%MEM %CPU COMMAND
 4.6  5.8 /opt/mssql/bin/sqlservr
37.5 99.1 bash mem.sh
37.0 99.1 bash mem2.sh
 2.2  0.4 /usr/sbin/mysqld
14784812 K used memory
8192 K used swap
107 seconds
=========
%MEM %CPU COMMAND
 4.6  6.2 /opt/mssql/bin/sqlservr
38.1 99.1 bash mem.sh
37.6 99.1 bash mem2.sh
 2.2  0.4 /usr/sbin/mysqld
14983972 K used memory
11776 K used swap
109 seconds
=========
%MEM %CPU COMMAND
 4.5  6.4 /opt/mssql/bin/sqlservr
38.7 99.1 bash mem.sh
38.3 99.1 bash mem2.sh
 2.2  0.4 /usr/sbin/mysqld
15185736 K used memory
19456 K used swap
111 seconds
=========
%MEM %CPU COMMAND
 4.5  6.5 /opt/mssql/bin/sqlservr
39.4 99.2 bash mem.sh
38.9 99.2 bash mem2.sh
 2.2  0.4 /usr/sbin/mysqld
15395148 K used memory
20736 K used swap
113 seconds
=========
%MEM %CPU COMMAND
 4.4  6.7 /opt/mssql/bin/sqlservr
40.0 99.3 bash mem.sh
39.6 99.3 bash mem2.sh
 2.1  0.4 /usr/sbin/mysqld
15625460 K used memory
31232 K used swap
115 seconds
=========
%MEM %CPU COMMAND
 4.2  7.7 /opt/mssql/bin/sqlservr
40.6 99.5 bash mem.sh
40.2 99.5 bash mem2.sh
 2.1  0.4 /usr/sbin/mysqld
15759528 K used memory
129280 K used swap
118 seconds
=========
%MEM %CPU COMMAND
41.2 98.8 bash mem.sh
40.7 98.8 bash mem2.sh
 3.9  9.1 /opt/mssql/bin/sqlservr
 2.0  0.4 /usr/sbin/mysqld
15781100 K used memory
326144 K used swap
120 seconds
=========
%MEM %CPU COMMAND
41.7 99.0 bash mem.sh
41.2 99.0 bash mem2.sh
 3.6 10.8 /opt/mssql/bin/sqlservr
 1.8  0.4 /usr/sbin/mysqld
15752084 K used memory
529152 K used swap
122 seconds
=========
%MEM %CPU COMMAND
42.1 99.1 bash mem.sh
41.6 99.1 bash mem2.sh
 3.0 12.3 /opt/mssql/bin/sqlservr
 1.5  4.2 /usr/bin/gnome-software --gapplication-service
15706616 K used memory
751872 K used swap
124 seconds
=========
%MEM %CPU COMMAND
42.6 99.2 bash mem.sh
42.1 99.2 bash mem2.sh
 2.6 13.8 /opt/mssql/bin/sqlservr
 1.5  4.2 /usr/bin/gnome-software --gapplication-service
15743572 K used memory
876288 K used swap
126 seconds
=========
%MEM %CPU COMMAND
43.1 99.4 bash mem.sh
42.5 99.3 bash mem2.sh
 2.1 15.3 /opt/mssql/bin/sqlservr
 1.5  4.2 /usr/bin/gnome-software --gapplication-service
15754052 K used memory
1053952 K used swap
128 seconds
=========
%MEM %CPU COMMAND
43.5 98.6 bash mem.sh
42.9 98.5 bash mem2.sh
 1.6 17.0 /opt/mssql/bin/sqlservr
 1.5  4.1 /usr/bin/gnome-software --gapplication-service
15765736 K used memory
1177856 K used swap
131 seconds
=========
%MEM %CPU COMMAND
44.2 99.1 bash mem.sh
43.4 98.5 bash mem2.sh
 1.6 18.3 /opt/mssql/bin/sqlservr
 1.5  4.0 /usr/bin/gnome-software --gapplication-service
15823292 K used memory
1225216 K used swap
134 seconds
=========
%MEM %CPU COMMAND
44.8 98.4 bash mem.sh
43.9 97.6 bash mem2.sh
 1.1  4.0 /usr/bin/gnome-software --gapplication-service
 1.1 19.7 /opt/mssql/bin/sqlservr
15774180 K used memory
1452544 K used swap
136 seconds
=========
%MEM %CPU COMMAND
45.4 98.6 bash mem.sh
44.5 97.9 bash mem2.sh
 0.9 20.3 /opt/mssql/bin/sqlservr
 0.4  7.1 /usr/bin/gnome-shell
15764452 K used memory
1676032 K used swap
138 seconds
=========
%MEM %CPU COMMAND
45.7 98.6 bash mem.sh
44.8 97.9 bash mem2.sh
 0.9 21.6 /opt/mssql/bin/sqlservr
 0.4  7.1 /usr/bin/gnome-shell
15778888 K used memory
1813760 K used swap
141 seconds
=========
%MEM %CPU COMMAND
45.8 98.0 bash mem.sh
44.9 97.3 bash mem2.sh
 0.8 22.9 /opt/mssql/bin/sqlservr
 0.4  7.1 /usr/bin/gnome-shell
15788396 K used memory
1960448 K used swap
143 seconds
=========
%MEM %CPU COMMAND
45.9 98.1 bash mem.sh
45.1 97.4 bash mem2.sh
 0.7 24.4 /opt/mssql/bin/sqlservr
 0.3  7.1 /usr/bin/gnome-shell
15813652 K used memory
2080932 K used swap
145 seconds
=========
